Base path: C:/Program Files/Unity/Editor/Data
Cmd: initializeCompiler
Cmd: compileComputeKernel
  api=4 insize=14406 outsize=32201 ok=1
Cmd: compileComputeKernel
  api=4 insize=14406 outsize=62241 ok=1
Cmd: compileComputeKernel
  api=4 insize=14406 outsize=31529 ok=1
Cmd: compileComputeKernel
  api=4 insize=14406 outsize=64973 ok=1
Cmd: compileComputeKernel
  api=4 insize=14406 outsize=33949 ok=1
Cmd: compileComputeKernel
  api=4 insize=14406 outsize=39357 ok=1
Cmd: compileComputeKernel
  api=4 insize=14406 outsize=36625 ok=1
Cmd: compileComputeKernel
  api=4 insize=14406 outsize=43565 ok=1
Cmd: compileComputeKernel
  api=4 insize=14406 outsize=36381 ok=1
Cmd: compileComputeKernel
  api=4 insize=14406 outsize=43501 ok=1
Cmd: compileComputeKernel
  api=4 insize=26648 outsize=13793 ok=1
Cmd: compileComputeKernel
  api=4 insize=26648 outsize=16041 ok=1
Cmd: compileComputeKernel
  api=4 insize=3797 outsize=1621 ok=1
Cmd: compileComputeKernel
  api=4 insize=9347 outsize=7569 ok=1
Cmd: compileComputeKernel
  api=4 insize=7409 outsize=4409 ok=1
Cmd: compileComputeKernel
  api=4 insize=17415 outsize=8781 ok=1
Cmd: compileComputeKernel
  api=4 insize=12239 outsize=957 ok=1
Cmd: compileComputeKernel
  api=4 insize=7423 outsize=1353 ok=1
Cmd: compileComputeKernel
  api=4 insize=20012 outsize=14753 ok=1
Cmd: compileComputeKernel
  api=4 insize=7704 outsize=689 ok=1
Cmd: compileComputeKernel
  api=4 insize=857 outsize=573 ok=1
Cmd: compileComputeKernel
  api=4 insize=34508 outsize=36169 ok=1
Cmd: compileComputeKernel
  api=4 insize=34508 outsize=36169 ok=1
Cmd: compileComputeKernel
  api=4 insize=17193 outsize=7121 ok=1
Cmd: compileComputeKernel
  api=4 insize=5089 outsize=1541 ok=1
Cmd: compileComputeKernel
  api=4 insize=7712 outsize=5745 ok=1
Cmd: compileComputeKernel
  api=4 insize=3918 outsize=2705 ok=1
Cmd: compileSnippet
  api=4 type=1 insize=7237 outsize=142 kw=_NORMALMAP_TANGENT_SPACE _MASKMAP pd=UNITY_ENABLE_REFLECTION_BUFFERS UNITY_USE_DITHER_MASK_FOR_ALPHABLENDED_SHADOWS UNITY_PBS_USE_BRDF1 UNITY_SPECCUBE_BOX_PROJECTION UNITY_SPECCUBE_BLENDING UNITY_ENABLE_DETAIL_NORMALMAP SHADER_API_DESKTOP UNITY_LIGHT_PROBE_PROXY_VOLUME UNITY_LIGHTMAP_FULL_HDR ok=1
