Base path: C:/Program Files/Unity/Editor/Data
Cmd: initializeCompiler
Cmd: compileComputeKernel
  api=4 insize=14406 outsize=29065 ok=1
Cmd: compileComputeKernel
  api=4 insize=14406 outsize=37521 ok=1
Cmd: compileComputeKernel
  api=4 insize=14406 outsize=44453 ok=1
Cmd: compileComputeKernel
  api=4 insize=14406 outsize=34989 ok=1
Cmd: compileComputeKernel
  api=4 insize=14406 outsize=41937 ok=1
Cmd: compileComputeKernel
  api=4 insize=14406 outsize=43061 ok=1
Cmd: compileComputeKernel
  api=4 insize=14406 outsize=31625 ok=1
Cmd: compileComputeKernel
  api=4 insize=14406 outsize=40893 ok=1
Cmd: compileComputeKernel
  api=4 insize=14406 outsize=33029 ok=1
Cmd: compileComputeKernel
  api=4 insize=14406 outsize=33141 ok=1
Cmd: compileComputeKernel
  api=4 insize=14406 outsize=36329 ok=1
Cmd: compileComputeKernel
  api=4 insize=14406 outsize=74677 ok=1
Cmd: compileComputeKernel
  api=4 insize=26648 outsize=15857 ok=1
Cmd: compileComputeKernel
  api=4 insize=26648 outsize=301 ok=1
Cmd: compileComputeKernel
  api=4 insize=3797 outsize=1749 ok=1
Cmd: compileComputeKernel
  api=4 insize=5767 outsize=5793 ok=1
Cmd: compileComputeKernel
  api=4 insize=9347 outsize=12813 ok=1
Cmd: compileComputeKernel
  api=4 insize=7423 outsize=1341 ok=1
Cmd: compileComputeKernel
  api=4 insize=20012 outsize=14613 ok=1
Cmd: compileComputeKernel
  api=4 insize=7704 outsize=297 ok=1
Cmd: compileComputeKernel
  api=4 insize=20668 outsize=27309 ok=1
Cmd: compileComputeKernel
  api=4 insize=34508 outsize=33949 ok=1
Cmd: compileComputeKernel
  api=4 insize=34508 outsize=31641 ok=1
Cmd: compileComputeKernel
  api=4 insize=8350 outsize=2077 ok=1
Cmd: compileComputeKernel
  api=4 insize=17193 outsize=7957 ok=1
Cmd: compileComputeKernel
  api=4 insize=5089 outsize=729 ok=1
Cmd: compileComputeKernel
  api=4 insize=5089 outsize=929 ok=1
Cmd: compileComputeKernel
  api=4 insize=7712 outsize=7909 ok=1
Cmd: compileComputeKernel
  api=4 insize=3506 outsize=1065 ok=1
Cmd: compileComputeKernel
  api=4 insize=5723 outsize=5017 ok=1
Cmd: compileSnippet
  api=4 type=0 insize=7237 outsize=810 kw=_NORMALMAP_TANGENT_SPACE _MASKMAP pd=UNITY_ENABLE_REFLECTION_BUFFERS UNITY_USE_DITHER_MASK_FOR_ALPHABLENDED_SHADOWS UNITY_PBS_USE_BRDF1 UNITY_SPECCUBE_BOX_PROJECTION UNITY_SPECCUBE_BLENDING UNITY_ENABLE_DETAIL_NORMALMAP SHADER_API_DESKTOP UNITY_LIGHT_PROBE_PROXY_VOLUME UNITY_LIGHTMAP_FULL_HDR ok=1
Cmd: compileSnippet
  api=4 type=1 insize=7705 outsize=6710 kw=LIGHTMAP_ON DIRLIGHTMAP_COMBINED DECALS_3RT _NORMALMAP_TANGENT_SPACE _NORMALMAP _MASKMAP pd=UNITY_ENABLE_REFLECTION_BUFFERS UNITY_USE_DITHER_MASK_FOR_ALPHABLENDED_SHADOWS UNITY_PBS_USE_BRDF1 UNITY_SPECCUBE_BOX_PROJECTION UNITY_SPECCUBE_BLENDING UNITY_ENABLE_DETAIL_NORMALMAP SHADER_API_DESKTOP UNITY_LIGHT_PROBE_PROXY_VOLUME UNITY_LIGHTMAP_FULL_HDR ok=1
