Base path: C:/Program Files/Unity/Editor/Data
Cmd: initializeCompiler
Cmd: compileComputeKernel
  api=4 insize=14406 outsize=113273 ok=1
Cmd: compileComputeKernel
  api=4 insize=14406 outsize=93381 ok=1
Cmd: compileComputeKernel
  api=4 insize=14406 outsize=33001 ok=1
Cmd: compileComputeKernel
  api=4 insize=26648 outsize=16081 ok=1
Cmd: compileComputeKernel
  api=4 insize=9347 outsize=9273 ok=1
Cmd: compileComputeKernel
  api=4 insize=6309 outsize=3841 ok=1
Cmd: compileComputeKernel
  api=4 insize=4918 outsize=2429 ok=1
Cmd: compileComputeKernel
  api=4 insize=7423 outsize=1049 ok=1
Cmd: compileComputeKernel
  api=4 insize=2532 outsize=1877 ok=1
Cmd: compileComputeKernel
  api=4 insize=20012 outsize=14241 ok=1
Cmd: compileComputeKernel
  api=4 insize=7704 outsize=1781 ok=1
Cmd: compileComputeKernel
  api=4 insize=34508 outsize=34605 ok=1
Cmd: compileComputeKernel
  api=4 insize=34508 outsize=31005 ok=1
Cmd: compileComputeKernel
  api=4 insize=8350 outsize=2945 ok=1
Cmd: compileComputeKernel
  api=4 insize=5089 outsize=1361 ok=1
Cmd: compileComputeKernel
  api=4 insize=3043 outsize=2761 ok=1
Cmd: compileComputeKernel
  api=4 insize=7712 outsize=4517 ok=1
Cmd: compileComputeKernel
  api=4 insize=3918 outsize=709 ok=1
Cmd: compileSnippet
  api=4 type=0 insize=7237 outsize=810 kw=_NORMALMAP_TANGENT_SPACE _NORMALMAP _MASKMAP pd=UNITY_ENABLE_REFLECTION_BUFFERS UNITY_USE_DITHER_MASK_FOR_ALPHABLENDED_SHADOWS UNITY_PBS_USE_BRDF1 UNITY_SPECCUBE_BOX_PROJECTION UNITY_SPECCUBE_BLENDING UNITY_ENABLE_DETAIL_NORMALMAP SHADER_API_DESKTOP UNITY_LIGHT_PROBE_PROXY_VOLUME UNITY_LIGHTMAP_FULL_HDR ok=1
Cmd: compileSnippet
  api=4 type=1 insize=5996 outsize=1894 kw=DITHER APPLY_AFTER_POST pd=UNITY_ENABLE_REFLECTION_BUFFERS UNITY_USE_DITHER_MASK_FOR_ALPHABLENDED_SHADOWS UNITY_PBS_USE_BRDF1 UNITY_SPECCUBE_BOX_PROJECTION UNITY_SPECCUBE_BLENDING UNITY_ENABLE_DETAIL_NORMALMAP SHADER_API_DESKTOP UNITY_LIGHT_PROBE_PROXY_VOLUME UNITY_LIGHTMAP_FULL_HDR ok=1
